<?xml version="1.0" encoding="UTF-8" ?>
<testsuite tests="13" failures="0" name="SightingTest" time="0.716" errors="0" skipped="0">
  <properties>
[...]
</properties>
  <testcase classname="SightingTest" name="Sighting_instatiatesCorrectly" time="0.288"/>
  <testcase classname="SightingTest" name="setRangerid" time="0.004"/>
  <testcase classname="SightingTest" name="getRangerid" time="0.005"/>
  <testcase classname="SightingTest" name="setPlaceid" time="0.006"/>
  <testcase classname="SightingTest" name="delete" time="0.173"/>
  <testcase classname="SightingTest" name="deleteAll" time="0.046"/>
  <testcase classname="SightingTest" name="find" time="0.021"/>
  <testcase classname="SightingTest" name="save" time="0.022"/>
  <testcase classname="SightingTest" name="getId" time="0.036"/>
  <testcase classname="SightingTest" name="setId" time="0.066"/>
  <testcase classname="SightingTest" name="getPlaceid" time="0.016"/>
  <testcase classname="SightingTest" name="setAnimalid" time="0.017"/>
  <testcase classname="SightingTest" name="getAnimalid" time="0.016"/>
</testsuite>