<?xml version="1.0" encoding="UTF-8" ?>
<testsuite tests="18" failures="0" name="AnimalTest" time="0.451" errors="0" skipped="0">
  <properties>
[...]
</properties>
  <testcase classname="AnimalTest" name="Animal_instantiatesCorrectly_True" time="0.005"/>
  <testcase classname="AnimalTest" name="setEndangered" time="0.004"/>
  <testcase classname="AnimalTest" name="getAge" time="0.005"/>
  <testcase classname="AnimalTest" name="deleteAll_deletesAllAnimalInstancesCreated" time="0.07"/>
  <testcase classname="AnimalTest" name="update_updatesCurrentInfo" time="0.046"/>
  <testcase classname="AnimalTest" name="setAge" time="0.019"/>
  <testcase classname="AnimalTest" name="save_savesOnInstatiation_true" time="0.047"/>
  <testcase classname="AnimalTest" name="isEndangered" time="0.016"/>
  <testcase classname="AnimalTest" name="getSpecies_returnsString_leo" time="0.009"/>
  <testcase classname="AnimalTest" name="setId" time="0.006"/>
  <testcase classname="AnimalTest" name="save_savestotheDatabase_true" time="0.039"/>
  <testcase classname="AnimalTest" name="setHealth" time="0.005"/>
  <testcase classname="AnimalTest" name="getHealth" time="0.005"/>
  <testcase classname="AnimalTest" name="find_returnsNullWhenAnIdIsNotThere_true" time="0.035"/>
  <testcase classname="AnimalTest" name="setSpecies" time="0.005"/>
  <testcase classname="AnimalTest" name="getId_returnsIdGivenInDatabase" time="0.038"/>
  <testcase classname="AnimalTest" name="all_returnsAllSavedAnimals_true" time="0.045"/>
  <testcase classname="AnimalTest" name="delete_removesTheSpecifiedAnimalObject_false" time="0.052"/>
</testsuite>