<?xml version="1.0" encoding="UTF-8" ?>
<testsuite tests="9" failures="0" name="PlaceTest" time="0.297" errors="0" skipped="0">
  <properties>
[...]
</properties>
  <testcase classname="PlaceTest" name="delete" time="0.067"/>
  <testcase classname="PlaceTest" name="getName" time="0.006"/>
  <testcase classname="PlaceTest" name="find" time="0.04"/>
  <testcase classname="PlaceTest" name="save" time="0.055"/>
  <testcase classname="PlaceTest" name="getId" time="0.008"/>
  <testcase classname="PlaceTest" name="setId" time="0.007"/>
  <testcase classname="PlaceTest" name="getSightings" time="0.085"/>
  <testcase classname="PlaceTest" name="Place_instatiatesCorrectly_True" time="0.02"/>
  <testcase classname="PlaceTest" name="setName" time="0.009"/>
</testsuite>