<?xml version="1.0" encoding="UTF-8" ?>
<testsuite tests="11" failures="0" name="RangerTest" time="0.403" errors="0" skipped="0">
  <properties>
[...]
</properties>
  <testcase classname="RangerTest" name="Ranger_instatiatesCorrectly" time="0"/>
  <testcase classname="RangerTest" name="getName" time="0.007"/>
  <testcase classname="RangerTest" name="setId" time="0.006"/>
  <testcase classname="RangerTest" name="getId_idIsGivenOnceSaved" time="0.039"/>
  <testcase classname="RangerTest" name="getSightings" time="0.12"/>
  <testcase classname="RangerTest" name="setBadge" time="0.02"/>
  <testcase classname="RangerTest" name="save_savestoRangerTable" time="0.057"/>
  <testcase classname="RangerTest" name="update_updatesDetails" time="0.059"/>
  <testcase classname="RangerTest" name="getBadge" time="0.016"/>
  <testcase classname="RangerTest" name="setName" time="0.016"/>
  <testcase classname="RangerTest" name="all_returnallInstancesOfRangers" time="0.063"/>
</testsuite>